<?xml version="1.0" encoding="UTF-8"?>
<!-- Generated by org.testng.reporters.JUnitReportReporter -->
<testsuite hostname="NOI1-TEM989" name="com.org.LearningMaven.SampleTestProjectMaven.SellingBooks" tests="1" failures="0" timestamp="18 Feb 2016 05:53:13 GMT" time="0.001" errors="1">
  <testcase name="testSellingBooks" time="0.001" classname="com.org.LearningMaven.SampleTestProjectMaven.SellingBooks"/>
</testsuite> <!-- com.org.LearningMaven.SampleTestProjectMaven.SellingBooks -->
