<?xml version="1.0" encoding="UTF-8"?>
<!-- Generated by org.testng.reporters.JUnitReportReporter -->
<testsuite hostname="NOI1-TEM989" name="com.org.LearningMaven.SampleTestProjectMaven.LoginTest" tests="2" failures="0" timestamp="18 Feb 2016 05:53:13 GMT" time="0.005" errors="0">
  <testcase name="testLogin" time="0.003" classname="com.org.LearningMaven.SampleTestProjectMaven.LoginTest"/>
  <testcase name="testRegister" time="0.002" classname="com.org.LearningMaven.SampleTestProjectMaven.LoginTest"/>
</testsuite> <!-- com.org.LearningMaven.SampleTestProjectMaven.LoginTest -->
