<?xml version="1.0" encoding="UTF-8"?>
<!-- Generated by org.testng.reporters.JUnitReportReporter -->
<testsuite hostname="NOI1-TEM989" name="com.org.LearningMaven.SampleTestProjectMaven.UsingAssertion" tests="1" failures="0" timestamp="18 Feb 2016 05:53:13 GMT" time="0.019" errors="0">
  <testcase name="testGoogleSearch" time="0.019" classname="com.org.LearningMaven.SampleTestProjectMaven.UsingAssertion"/>
</testsuite> <!-- com.org.LearningMaven.SampleTestProjectMaven.UsingAssertion -->
