<?xml version="1.0" encoding="UTF-8"?>
<!-- Generated by org.testng.reporters.JUnitReportReporter -->
<testsuite hostname="NOI1-TEM989" name="com.org.LearningMaven.SampleTestProjectMaven.SendMailTest" tests="2" failures="0" timestamp="17 Feb 2016 10:05:13 GMT" time="0.001" errors="2">
  <testcase name="testSendingMail" time="0.001" classname="com.org.LearningMaven.SampleTestProjectMaven.SendMailTest"/>
  <testcase name="testSendingMail" time="0.000" classname="com.org.LearningMaven.SampleTestProjectMaven.SendMailTest"/>
</testsuite> <!-- com.org.LearningMaven.SampleTestProjectMaven.SendMailTest -->
